Start testing: Apr 20 22:35 JST
----------------------------------------------------------
1/10 Testing: SymbolTest.BasicCreation
1/10 Test: SymbolTest.BasicCreation
Command: "/home/menchan/Programming/Javascript-Engine/build/tests/symbol_tests" "--gtest_filter=SymbolTest.BasicCreation" "--gtest_also_run_disabled_tests"
Directory: /home/menchan/Programming/Javascript-Engine/build/tests
"SymbolTest.BasicCreation" start time: Apr 20 22:35 JST
Output:
----------------------------------------------------------
Note: Google Test filter = SymbolTest.BasicCreation
[==========] Running 1 test from 1 test suite.
[----------] Global test environment set-up.
[----------] 1 test from SymbolTest
[ RUN      ] SymbolTest.BasicCreation
[       OK ] SymbolTest.BasicCreation (0 ms)
[----------] 1 test from SymbolTest (0 ms total)

[----------] Global test environment tear-down
[==========] 1 test from 1 test suite ran. (0 ms total)
[  PASSED  ] 1 test.
<end of output>
Test time =   0.01 sec
----------------------------------------------------------
Test Passed.
"SymbolTest.BasicCreation" end time: Apr 20 22:35 JST
"SymbolTest.BasicCreation" time elapsed: 00:00:00
----------------------------------------------------------

2/10 Testing: SymbolTest.EmptyDescription
2/10 Test: SymbolTest.EmptyDescription
Command: "/home/menchan/Programming/Javascript-Engine/build/tests/symbol_tests" "--gtest_filter=SymbolTest.EmptyDescription" "--gtest_also_run_disabled_tests"
Directory: /home/menchan/Programming/Javascript-Engine/build/tests
"SymbolTest.EmptyDescription" start time: Apr 20 22:35 JST
Output:
----------------------------------------------------------
Note: Google Test filter = SymbolTest.EmptyDescription
[==========] Running 1 test from 1 test suite.
[----------] Global test environment set-up.
[----------] 1 test from SymbolTest
[ RUN      ] SymbolTest.EmptyDescription
[       OK ] SymbolTest.EmptyDescription (0 ms)
[----------] 1 test from SymbolTest (0 ms total)

[----------] Global test environment tear-down
[==========] 1 test from 1 test suite ran. (0 ms total)
[  PASSED  ] 1 test.
<end of output>
Test time =   0.01 sec
----------------------------------------------------------
Test Passed.
"SymbolTest.EmptyDescription" end time: Apr 20 22:35 JST
"SymbolTest.EmptyDescription" time elapsed: 00:00:00
----------------------------------------------------------

3/10 Testing: SymbolTest.Identity
3/10 Test: SymbolTest.Identity
Command: "/home/menchan/Programming/Javascript-Engine/build/tests/symbol_tests" "--gtest_filter=SymbolTest.Identity" "--gtest_also_run_disabled_tests"
Directory: /home/menchan/Programming/Javascript-Engine/build/tests
"SymbolTest.Identity" start time: Apr 20 22:35 JST
Output:
----------------------------------------------------------
Note: Google Test filter = SymbolTest.Identity
[==========] Running 1 test from 1 test suite.
[----------] Global test environment set-up.
[----------] 1 test from SymbolTest
[ RUN      ] SymbolTest.Identity
[       OK ] SymbolTest.Identity (0 ms)
[----------] 1 test from SymbolTest (0 ms total)

[----------] Global test environment tear-down
[==========] 1 test from 1 test suite ran. (0 ms total)
[  PASSED  ] 1 test.
<end of output>
Test time =   0.01 sec
----------------------------------------------------------
Test Passed.
"SymbolTest.Identity" end time: Apr 20 22:35 JST
"SymbolTest.Identity" time elapsed: 00:00:00
----------------------------------------------------------

4/10 Testing: SymbolTest.GlobalSymbolRegistry
4/10 Test: SymbolTest.GlobalSymbolRegistry
Command: "/home/menchan/Programming/Javascript-Engine/build/tests/symbol_tests" "--gtest_filter=SymbolTest.GlobalSymbolRegistry" "--gtest_also_run_disabled_tests"
Directory: /home/menchan/Programming/Javascript-Engine/build/tests
"SymbolTest.GlobalSymbolRegistry" start time: Apr 20 22:35 JST
Output:
----------------------------------------------------------
Note: Google Test filter = SymbolTest.GlobalSymbolRegistry
[==========] Running 1 test from 1 test suite.
[----------] Global test environment set-up.
[----------] 1 test from SymbolTest
[ RUN      ] SymbolTest.GlobalSymbolRegistry
[       OK ] SymbolTest.GlobalSymbolRegistry (0 ms)
[----------] 1 test from SymbolTest (0 ms total)

[----------] Global test environment tear-down
[==========] 1 test from 1 test suite ran. (0 ms total)
[  PASSED  ] 1 test.
<end of output>
Test time =   0.01 sec
----------------------------------------------------------
Test Passed.
"SymbolTest.GlobalSymbolRegistry" end time: Apr 20 22:35 JST
"SymbolTest.GlobalSymbolRegistry" time elapsed: 00:00:00
----------------------------------------------------------

5/10 Testing: SymbolTest.WellKnownSymbols
5/10 Test: SymbolTest.WellKnownSymbols
Command: "/home/menchan/Programming/Javascript-Engine/build/tests/symbol_tests" "--gtest_filter=SymbolTest.WellKnownSymbols" "--gtest_also_run_disabled_tests"
Directory: /home/menchan/Programming/Javascript-Engine/build/tests
"SymbolTest.WellKnownSymbols" start time: Apr 20 22:35 JST
Output:
----------------------------------------------------------
Note: Google Test filter = SymbolTest.WellKnownSymbols
[==========] Running 1 test from 1 test suite.
[----------] Global test environment set-up.
[----------] 1 test from SymbolTest
[ RUN      ] SymbolTest.WellKnownSymbols
[       OK ] SymbolTest.WellKnownSymbols (0 ms)
[----------] 1 test from SymbolTest (0 ms total)

[----------] Global test environment tear-down
[==========] 1 test from 1 test suite ran. (0 ms total)
[  PASSED  ] 1 test.
<end of output>
Test time =   0.01 sec
----------------------------------------------------------
Test Passed.
"SymbolTest.WellKnownSymbols" end time: Apr 20 22:35 JST
"SymbolTest.WellKnownSymbols" time elapsed: 00:00:00
----------------------------------------------------------

8/10 Testing: SymbolTest.HashSupport
8/10 Test: SymbolTest.HashSupport
Command: "/home/menchan/Programming/Javascript-Engine/build/tests/symbol_tests" "--gtest_filter=SymbolTest.HashSupport" "--gtest_also_run_disabled_tests"
Directory: /home/menchan/Programming/Javascript-Engine/build/tests
"SymbolTest.HashSupport" start time: Apr 20 22:35 JST
Output:
----------------------------------------------------------
Note: Google Test filter = SymbolTest.HashSupport
[==========] Running 1 test from 1 test suite.
[----------] Global test environment set-up.
[----------] 1 test from SymbolTest
[ RUN      ] SymbolTest.HashSupport
[       OK ] SymbolTest.HashSupport (0 ms)
[----------] 1 test from SymbolTest (0 ms total)

[----------] Global test environment tear-down
[==========] 1 test from 1 test suite ran. (0 ms total)
[  PASSED  ] 1 test.
<end of output>
Test time =   0.01 sec
----------------------------------------------------------
Test Passed.
"SymbolTest.HashSupport" end time: Apr 20 22:35 JST
"SymbolTest.HashSupport" time elapsed: 00:00:00
----------------------------------------------------------

7/10 Testing: SymbolTest.RegistryCleanup
7/10 Test: SymbolTest.RegistryCleanup
Command: "/home/menchan/Programming/Javascript-Engine/build/tests/symbol_tests" "--gtest_filter=SymbolTest.RegistryCleanup" "--gtest_also_run_disabled_tests"
Directory: /home/menchan/Programming/Javascript-Engine/build/tests
"SymbolTest.RegistryCleanup" start time: Apr 20 22:35 JST
Output:
----------------------------------------------------------
Note: Google Test filter = SymbolTest.RegistryCleanup
[==========] Running 1 test from 1 test suite.
[----------] Global test environment set-up.
[----------] 1 test from SymbolTest
[ RUN      ] SymbolTest.RegistryCleanup
[       OK ] SymbolTest.RegistryCleanup (0 ms)
[----------] 1 test from SymbolTest (0 ms total)

[----------] Global test environment tear-down
[==========] 1 test from 1 test suite ran. (0 ms total)
[  PASSED  ] 1 test.
<end of output>
Test time =   0.01 sec
----------------------------------------------------------
Test Passed.
"SymbolTest.RegistryCleanup" end time: Apr 20 22:35 JST
"SymbolTest.RegistryCleanup" time elapsed: 00:00:00
----------------------------------------------------------

9/10 Testing: JITCompilerTest.BaselineCompileEmpty
9/10 Test: JITCompilerTest.BaselineCompileEmpty
Command: "/home/menchan/Programming/Javascript-Engine/build/tests/jit_tests" "--gtest_filter=JITCompilerTest.BaselineCompileEmpty" "--gtest_also_run_disabled_tests"
Directory: /home/menchan/Programming/Javascript-Engine/build/tests
"JITCompilerTest.BaselineCompileEmpty" start time: Apr 20 22:35 JST
Output:
----------------------------------------------------------
Running main() from /home/menchan/Programming/Javascript-Engine/build/_deps/googletest-src/googletest/src/gtest_main.cc
Note: Google Test filter = JITCompilerTest.BaselineCompileEmpty
[==========] Running 1 test from 1 test suite.
[----------] Global test environment set-up.
[----------] 1 test from JITCompilerTest
[ RUN      ] JITCompilerTest.BaselineCompileEmpty
[       OK ] JITCompilerTest.BaselineCompileEmpty (0 ms)
[----------] 1 test from JITCompilerTest (0 ms total)

[----------] Global test environment tear-down
[==========] 1 test from 1 test suite ran. (0 ms total)
[  PASSED  ] 1 test.
<end of output>
Test time =   0.01 sec
----------------------------------------------------------
Test Passed.
"JITCompilerTest.BaselineCompileEmpty" end time: Apr 20 22:35 JST
"JITCompilerTest.BaselineCompileEmpty" time elapsed: 00:00:00
----------------------------------------------------------

10/10 Testing: JITCompilerTest.BaselineCompileNonEmpty
10/10 Test: JITCompilerTest.BaselineCompileNonEmpty
Command: "/home/menchan/Programming/Javascript-Engine/build/tests/jit_tests" "--gtest_filter=JITCompilerTest.BaselineCompileNonEmpty" "--gtest_also_run_disabled_tests"
Directory: /home/menchan/Programming/Javascript-Engine/build/tests
"JITCompilerTest.BaselineCompileNonEmpty" start time: Apr 20 22:35 JST
Output:
----------------------------------------------------------
Running main() from /home/menchan/Programming/Javascript-Engine/build/_deps/googletest-src/googletest/src/gtest_main.cc
Note: Google Test filter = JITCompilerTest.BaselineCompileNonEmpty
[==========] Running 1 test from 1 test suite.
[----------] Global test environment set-up.
[----------] 1 test from JITCompilerTest
[ RUN      ] JITCompilerTest.BaselineCompileNonEmpty
[       OK ] JITCompilerTest.BaselineCompileNonEmpty (0 ms)
[----------] 1 test from JITCompilerTest (0 ms total)

[----------] Global test environment tear-down
[==========] 1 test from 1 test suite ran. (0 ms total)
[  PASSED  ] 1 test.
<end of output>
Test time =   0.01 sec
----------------------------------------------------------
Test Passed.
"JITCompilerTest.BaselineCompileNonEmpty" end time: Apr 20 22:35 JST
"JITCompilerTest.BaselineCompileNonEmpty" time elapsed: 00:00:00
----------------------------------------------------------

6/10 Testing: SymbolTest.ThreadSafety
6/10 Test: SymbolTest.ThreadSafety
Command: "/home/menchan/Programming/Javascript-Engine/build/tests/symbol_tests" "--gtest_filter=SymbolTest.ThreadSafety" "--gtest_also_run_disabled_tests"
Directory: /home/menchan/Programming/Javascript-Engine/build/tests
"SymbolTest.ThreadSafety" start time: Apr 20 22:35 JST
Output:
----------------------------------------------------------
Note: Google Test filter = SymbolTest.ThreadSafety
[==========] Running 1 test from 1 test suite.
[----------] Global test environment set-up.
[----------] 1 test from SymbolTest
[ RUN      ] SymbolTest.ThreadSafety
[       OK ] SymbolTest.ThreadSafety (2 ms)
[----------] 1 test from SymbolTest (2 ms total)

[----------] Global test environment tear-down
[==========] 1 test from 1 test suite ran. (2 ms total)
[  PASSED  ] 1 test.
<end of output>
Test time =   0.01 sec
----------------------------------------------------------
Test Passed.
"SymbolTest.ThreadSafety" end time: Apr 20 22:35 JST
"SymbolTest.ThreadSafety" time elapsed: 00:00:00
----------------------------------------------------------

End testing: Apr 20 22:35 JST
